{
  "RSpec": {
    "coverage": {
      "/home/kallionpetri/Documents/RubyProjects/wadror2015/app/models/rating.rb": [
        1,
        1,
        1,
        null,
        1,
        null,
        null,
        null,
        1,
        17,
        null,
        null,
        null
      ],
      "/home/kallionpetri/Documents/RubyProjects/wadror2015/app/helpers/application_helper.rb": [
        1,
        null
      ],
      "/home/kallionpetri/Documents/RubyProjects/wadror2015/app/helpers/beer_clubs_helper.rb": [
        1,
        null
      ],
      "/home/kallionpetri/Documents/RubyProjects/wadror2015/app/helpers/beers_helper.rb": [
        1,
        null
      ],
      "/home/kallionpetri/Documents/RubyProjects/wadror2015/app/helpers/breweries_helper.rb": [
        1,
        null
      ],
      "/home/kallionpetri/Documents/RubyProjects/wadror2015/app/helpers/memberships_helper.rb": [
        1,
        null
      ],
      "/home/kallionpetri/Documents/RubyProjects/wadror2015/app/helpers/users_helper.rb": [
        1,
        null
      ],
      "/home/kallionpetri/Documents/RubyProjects/wadror2015/app/models/beer_club.rb": [
        1,
        1,
        1,
        null,
        null
      ],
      "/home/kallionpetri/Documents/RubyProjects/wadror2015/app/controllers/beer_clubs_controller.rb": [
        1,
        1,
        1,
        null,
        null,
        null,
        1,
        0,
        null,
        null,
        null,
        null,
        1,
        0,
        0,
        0,
        null,
        0,
        0,
        0,
        null,
        null,
        null,
        null,
        null,
        1,
        0,
        null,
        null,
        null,
        1,
        null,
        null,
        null,
        null,
        1,
        0,
        null,
        0,
        0,
        0,
        0,
        null,
        0,
        0,
        null,
        null,
        null,
        null,
        null,
        null,
        1,
        0,
        0,
        0,
        0,
        null,
        0,
        0,
        null,
        null,
        null,
        null,
        null,
        null,
        1,
        0,
        0,
        0,
        0,
        null,
        null,
        null,
        1,
        null,
        1,
        0,
        null,
        null,
        null,
        1,
        0,
        null,
        null,
        1,
        0,
        0,
        null,
        0,
        null,
        null,
        null,
        null,
        null
      ],
      "/home/kallionpetri/Documents/RubyProjects/wadror2015/app/controllers/application_controller.rb": [
        1,
        null,
        null,
        1,
        null,
        1,
        null,
        1,
        90,
        46,
        null,
        null,
        1,
        4,
        null,
        null
      ],
      "/home/kallionpetri/Documents/RubyProjects/wadror2015/app/models/beer.rb": [
        1,
        1,
        null,
        1,
        1,
        1,
        1,
        null,
        1,
        1,
        null,
        1,
        0,
        0,
        null,
        null,
        1,
        8,
        null,
        null
      ],
      "/home/kallionpetri/Documents/RubyProjects/wadror2015/app/models/concerns/average_rating.rb": [
        1,
        1,
        null,
        1,
        14,
        24,
        16,
        null,
        null,
        null
      ],
      "/home/kallionpetri/Documents/RubyProjects/wadror2015/app/models/brewery.rb": [
        1,
        1,
        null,
        1,
        1,
        null,
        1,
        1,
        1,
        null,
        1,
        55,
        0,
        null,
        null,
        null,
        1,
        0,
        0,
        0,
        null,
        null,
        1,
        0,
        0,
        null,
        null,
        null
      ],
      "/home/kallionpetri/Documents/RubyProjects/wadror2015/app/models/style.rb": [
        1,
        1,
        null
      ],
      "/home/kallionpetri/Documents/RubyProjects/wadror2015/app/models/user.rb": [
        1,
        1,
        null,
        1,
        null,
        1,
        null,
        1,
        null,
        1,
        1,
        1,
        1,
        null,
        1,
        35,
        33,
        4,
        null,
        null,
        null,
        null,
        1,
        15,
        8,
        null,
        null,
        1,
        16,
        9,
        null,
        null,
        1,
        16,
        9,
        null,
        null,
        1,
        9,
        9,
        null,
        null,
        1,
        9,
        9,
        null,
        null,
        1,
        9,
        null,
        9,
        29,
        null,
        null,
        9,
        null,
        null,
        1,
        9,
        null,
        9,
        29,
        null,
        null,
        9,
        null,
        null,
        1,
        9,
        null,
        9,
        29,
        null,
        null,
        9,
        null,
        null,
        1,
        9,
        null,
        9,
        29,
        null,
        null,
        9,
        null,
        null,
        1,
        9,
        null,
        9,
        29,
        null,
        null,
        9,
        9,
        null,
        9,
        23,
        17,
        17,
        null,
        null,
        null,
        9,
        null,
        null,
        1,
        9,
        null,
        9,
        29,
        null,
        null,
        9,
        9,
        null,
        9,
        23,
        17,
        17,
        null,
        null,
        null,
        9,
        null,
        null
      ],
      "/home/kallionpetri/Documents/RubyProjects/wadror2015/app/controllers/sessions_controller.rb": [
        1,
        null,
        1,
        null,
        null,
        null,
        1,
        6,
        null,
        6,
        5,
        5,
        null,
        1,
        null,
        null,
        null,
        1,
        0,
        0,
        null,
        null,
        null
      ],
      "/home/kallionpetri/Documents/RubyProjects/wadror2015/app/controllers/users_controller.rb": [
        1,
        1,
        null,
        null,
        null,
        1,
        0,
        null,
        null,
        null,
        null,
        1,
        null,
        null,
        null,
        1,
        1,
        null,
        null,
        null,
        1,
        null,
        null,
        null,
        null,
        1,
        1,
        null,
        1,
        1,
        2,
        1,
        null,
        0,
        0,
        null,
        null,
        null,
        null,
        null,
        null,
        1,
        0,
        0,
        0,
        0,
        null,
        0,
        0,
        null,
        null,
        null,
        null,
        null,
        null,
        1,
        0,
        0,
        0,
        0,
        0,
        0,
        null,
        null,
        0,
        null,
        null,
        null,
        1,
        null,
        1,
        12,
        null,
        null,
        null,
        1,
        1,
        null,
        null
      ],
      "/home/kallionpetri/Documents/RubyProjects/wadror2015/app/models/membership.rb": [
        1,
        1,
        1,
        null,
        1,
        1,
        null,
        null
      ],
      "/home/kallionpetri/Documents/RubyProjects/wadror2015/app/controllers/beers_controller.rb": [
        1,
        1,
        1,
        1,
        null,
        1,
        4,
        4,
        null,
        null,
        null,
        null,
        1,
        1,
        null,
        null,
        null,
        null,
        1,
        0,
        0,
        null,
        null,
        null,
        1,
        2,
        null,
        null,
        null,
        1,
        null,
        null,
        null,
        null,
        1,
        2,
        null,
        2,
        2,
        2,
        1,
        null,
        2,
        1,
        null,
        null,
        null,
        null,
        null,
        null,
        1,
        0,
        0,
        0,
        0,
        null,
        0,
        0,
        null,
        null,
        null,
        null,
        null,
        null,
        1,
        0,
        0,
        0,
        0,
        null,
        null,
        null,
        1,
        null,
        1,
        0,
        null,
        null,
        null,
        1,
        2,
        null,
        null
      ],
      "/home/kallionpetri/Documents/RubyProjects/wadror2015/app/controllers/breweries_controller.rb": [
        1,
        1,
        1,
        null,
        null,
        null,
        1,
        3,
        null,
        null,
        null,
        null,
        1,
        null,
        null,
        null,
        1,
        0,
        null,
        null,
        null,
        1,
        null,
        null,
        null,
        null,
        1,
        0,
        null,
        0,
        0,
        0,
        0,
        null,
        0,
        0,
        null,
        null,
        null,
        null,
        null,
        null,
        1,
        0,
        0,
        0,
        0,
        null,
        0,
        0,
        null,
        null,
        null,
        null,
        null,
        null,
        1,
        0,
        0,
        0,
        0,
        null,
        null,
        null,
        1,
        null,
        1,
        1,
        null,
        null,
        null,
        1,
        0,
        null,
        null
      ],
      "/home/kallionpetri/Documents/RubyProjects/wadror2015/lib/beermapping_api.rb": [
        1,
        1,
        7,
        11,
        null,
        null,
        1,
        null,
        1,
        4,
        null,
        4,
        4,
        null,
        4,
        null,
        3,
        3,
        5,
        null,
        null,
        null,
        1,
        4,
        4,
        null,
        null
      ],
      "/home/kallionpetri/Documents/RubyProjects/wadror2015/app/models/place.rb": [
        1,
        1,
        null,
        1,
        null,
        1,
        0,
        null,
        null,
        1,
        0,
        0,
        null,
        0,
        null,
        null,
        null
      ],
      "/home/kallionpetri/Documents/RubyProjects/wadror2015/app/controllers/places_controller.rb": [
        1,
        1,
        null,
        null,
        1,
        3,
        null,
        3,
        null,
        3,
        1,
        null,
        2,
        null,
        null,
        null,
        1,
        0,
        null,
        0,
        0,
        0,
        0,
        null,
        null,
        null,
        0,
        null,
        0,
        null,
        0,
        null,
        null,
        1,
        null,
        1,
        0,
        0,
        null,
        null,
        null
      ],
      "/home/kallionpetri/Documents/RubyProjects/wadror2015/app/controllers/ratings_controller.rb": [
        1,
        1,
        2,
        null,
        null,
        1,
        1,
        1,
        null,
        null,
        1,
        1,
        null,
        1,
        0,
        1,
        1,
        1,
        null,
        0,
        0,
        null,
        null,
        null,
        1,
        1,
        1,
        1,
        null,
        null
      ]
    },
    "timestamp": 1423906649
  }
}
